2021-08-09 12:24:54 info: Listening on port 8080
2021-08-09 12:25:41 info: Listening on port 8080
2021-08-09 12:25:56 info: Listening on port 8080
2021-08-09 12:26:42 info: Listening on port 8080
2021-08-09 12:27:08 info: Listening on port 8888
2021-08-09 12:27:36 error: Error: Can't add new command when connection is in closed state
    at Connection._addCommandClosedState (D:\douzone2021\vscode-projects\react-practices\07.integration\app01.emaillist\node_modules\mysql2\lib\connection.js:137:17)
    at Connection.end (D:\douzone2021\vscode-projects\react-practices\07.integration\app01.emaillist\node_modules\mysql2\lib\connection.js:819:26)
    at Object.findAll (D:\douzone2021\vscode-projects\react-practices\07.integration\app01.emaillist\backend\models\emaillist.js:17:18)
    at processTicksAndRejections (internal/process/task_queues.js:95:5)
    at async readAll (D:\douzone2021\vscode-projects\react-practices\07.integration\app01.emaillist\backend\controllers\emaillist.js:6:29)
2021-08-09 12:28:32 error: Error: Failed to lookup view "index" in views directory "D:\douzone2021\vscode-projects\react-practices\07.integration\app01.emaillist\backend\views"
    at Function.render (D:\douzone2021\vscode-projects\react-practices\07.integration\app01.emaillist\node_modules\express\lib\application.js:580:17)
    at ServerResponse.render (D:\douzone2021\vscode-projects\react-practices\07.integration\app01.emaillist\node_modules\express\lib\response.js:1012:7)
    at readAll (D:\douzone2021\vscode-projects\react-practices\07.integration\app01.emaillist\backend\controllers\emaillist.js:7:17)
    at processTicksAndRejections (internal/process/task_queues.js:95:5)
2021-08-09 12:29:39 info: Listening on port 8888
2021-08-09 12:29:40 info: Listening on port 8888
2021-08-09 12:29:53 info: Listening on port 8888
2021-08-09 12:30:31 info: Listening on port 8888
2021-08-09 12:44:28 info: Listening on port 8888
2021-08-09 12:46:42 info: Listening on port 8888
2021-08-09 12:47:11 info: Listening on port 8888
2021-08-09 12:47:22 info: Listening on port 8888
2021-08-09 12:48:19 info: Listening on port 8888
2021-08-09 12:48:26 info: Listening on port 8888
2021-08-09 12:48:35 info: Listening on port 8888
2021-08-09 12:48:54 info: Listening on port 8888
2021-08-09 12:48:56 info: Listening on port 8888
2021-08-09 12:49:02 info: Listening on port 8888
2021-08-09 12:49:54 info: Listening on port 8888
